ERROR - 2023-03-10 01:58:02 --> Error connecting to the database: mysqli_sql_exception: No connection could be made because the target machine actively refused it.
 in C:\Users\test\Documents\codeigniter4\system\Database\MySQLi\Connection.php:171
Stack trace:
#0 C:\Users\test\Documents\codeigniter4\system\Database\MySQLi\Connection.php(171): mysqli->real_connect('localhost', 'root', '', 'pertemuan1', 3306, '', 0)
#1 C:\Users\test\Documents\codeigniter4\system\Database\BaseConnection.php(382): CodeIgniter\Database\MySQLi\Connection->connect(false)
#2 C:\Users\test\Documents\codeigniter4\system\Database\BaseConnection.php(561): CodeIgniter\Database\BaseConnection->initialize()
#3 C:\Users\test\Documents\codeigniter4\app\Models\MData.php(11): CodeIgniter\Database\BaseConnection->query('select * from m...')
#4 C:\Users\test\Documents\codeigniter4\app\Controllers\Data.php(17): App\Models\MData->getData()
#5 C:\Users\test\Documents\codeigniter4\system\CodeIgniter.php(927): App\Controllers\Data->index()
#6 C:\Users\test\Documents\codeigniter4\system\CodeIgniter.php(482): CodeIgniter\CodeIgniter->runController(Object(App\Controllers\Data))
#7 C:\Users\test\Documents\codeigniter4\system\CodeIgniter.php(351): CodeIgniter\CodeIgniter->handleRequest(NULL, Object(Config\Cache), false)
#8 C:\Users\test\Documents\codeigniter4\public\index.php(67): CodeIgniter\CodeIgniter->run()
#9 C:\Users\test\Documents\codeigniter4\system\Commands\Server\rewrite.php(46): require_once('C:\\Users\\test\\D...')
#10 {main}

Next CodeIgniter\Database\Exceptions\DatabaseException: No connection could be made because the target machine actively refused it.
 in C:\Users\test\Documents\codeigniter4\system\Database\MySQLi\Connection.php:215
Stack trace:
#0 C:\Users\test\Documents\codeigniter4\system\Database\BaseConnection.php(382): CodeIgniter\Database\MySQLi\Connection->connect(false)
#1 C:\Users\test\Documents\codeigniter4\system\Database\BaseConnection.php(561): CodeIgniter\Database\BaseConnection->initialize()
#2 C:\Users\test\Documents\codeigniter4\app\Models\MData.php(11): CodeIgniter\Database\BaseConnection->query('select * from m...')
#3 C:\Users\test\Documents\codeigniter4\app\Controllers\Data.php(17): App\Models\MData->getData()
#4 C:\Users\test\Documents\codeigniter4\system\CodeIgniter.php(927): App\Controllers\Data->index()
#5 C:\Users\test\Documents\codeigniter4\system\CodeIgniter.php(482): CodeIgniter\CodeIgniter->runController(Object(App\Controllers\Data))
#6 C:\Users\test\Documents\codeigniter4\system\CodeIgniter.php(351): CodeIgniter\CodeIgniter->handleRequest(NULL, Object(Config\Cache), false)
#7 C:\Users\test\Documents\codeigniter4\public\index.php(67): CodeIgniter\CodeIgniter->run()
#8 C:\Users\test\Documents\codeigniter4\system\Commands\Server\rewrite.php(46): require_once('C:\\Users\\test\\D...')
#9 {main}
CRITICAL - 2023-03-10 01:58:02 --> Unable to connect to the database.
Main connection [MySQLi]: No connection could be made because the target machine actively refused it.

in SYSTEMPATH\Database\BaseConnection.php on line 418.
 1 SYSTEMPATH\Database\BaseConnection.php(561): CodeIgniter\Database\BaseConnection->initialize()
 2 APPPATH\Models\MData.php(11): CodeIgniter\Database\BaseConnection->query('select * from mahasiswa')
 3 APPPATH\Controllers\Data.php(17): App\Models\MData->getData()
 4 SYSTEMPATH\CodeIgniter.php(927): App\Controllers\Data->index()
 5 SYSTEMPATH\CodeIgniter.php(482): CodeIgniter\CodeIgniter->runController(Object(App\Controllers\Data))
 6 SYSTEMPATH\CodeIgniter.php(351): CodeIgniter\CodeIgniter->handleRequest(null, Object(Config\Cache), false)
 7 FCPATH\index.php(67): CodeIgniter\CodeIgniter->run()
 8 SYSTEMPATH\Commands\Server\rewrite.php(46): require_once('FCPATH\\index.php')
ERROR - 2023-03-10 01:58:10 --> Error connecting to the database: mysqli_sql_exception: No connection could be made because the target machine actively refused it.
 in C:\Users\test\Documents\codeigniter4\system\Database\MySQLi\Connection.php:171
Stack trace:
#0 C:\Users\test\Documents\codeigniter4\system\Database\MySQLi\Connection.php(171): mysqli->real_connect('localhost', 'root', '', 'pertemuan1', 3306, '', 0)
#1 C:\Users\test\Documents\codeigniter4\system\Database\BaseConnection.php(382): CodeIgniter\Database\MySQLi\Connection->connect(false)
#2 C:\Users\test\Documents\codeigniter4\system\Database\BaseConnection.php(561): CodeIgniter\Database\BaseConnection->initialize()
#3 C:\Users\test\Documents\codeigniter4\system\Database\BaseBuilder.php(1916): CodeIgniter\Database\BaseConnection->query('INSERT INTO `ma...', Array, false)
#4 C:\Users\test\Documents\codeigniter4\app\Models\MData.php(16): CodeIgniter\Database\BaseBuilder->insert(Array)
#5 C:\Users\test\Documents\codeigniter4\app\Controllers\Data.php(38): App\Models\MData->saveData(Array)
#6 C:\Users\test\Documents\codeigniter4\system\CodeIgniter.php(927): App\Controllers\Data->saveData()
#7 C:\Users\test\Documents\codeigniter4\system\CodeIgniter.php(482): CodeIgniter\CodeIgniter->runController(Object(App\Controllers\Data))
#8 C:\Users\test\Documents\codeigniter4\system\CodeIgniter.php(351): CodeIgniter\CodeIgniter->handleRequest(NULL, Object(Config\Cache), false)
#9 C:\Users\test\Documents\codeigniter4\public\index.php(67): CodeIgniter\CodeIgniter->run()
#10 C:\Users\test\Documents\codeigniter4\system\Commands\Server\rewrite.php(46): require_once('C:\\Users\\test\\D...')
#11 {main}

Next CodeIgniter\Database\Exceptions\DatabaseException: No connection could be made because the target machine actively refused it.
 in C:\Users\test\Documents\codeigniter4\system\Database\MySQLi\Connection.php:215
Stack trace:
#0 C:\Users\test\Documents\codeigniter4\system\Database\BaseConnection.php(382): CodeIgniter\Database\MySQLi\Connection->connect(false)
#1 C:\Users\test\Documents\codeigniter4\system\Database\BaseConnection.php(561): CodeIgniter\Database\BaseConnection->initialize()
#2 C:\Users\test\Documents\codeigniter4\system\Database\BaseBuilder.php(1916): CodeIgniter\Database\BaseConnection->query('INSERT INTO `ma...', Array, false)
#3 C:\Users\test\Documents\codeigniter4\app\Models\MData.php(16): CodeIgniter\Database\BaseBuilder->insert(Array)
#4 C:\Users\test\Documents\codeigniter4\app\Controllers\Data.php(38): App\Models\MData->saveData(Array)
#5 C:\Users\test\Documents\codeigniter4\system\CodeIgniter.php(927): App\Controllers\Data->saveData()
#6 C:\Users\test\Documents\codeigniter4\system\CodeIgniter.php(482): CodeIgniter\CodeIgniter->runController(Object(App\Controllers\Data))
#7 C:\Users\test\Documents\codeigniter4\system\CodeIgniter.php(351): CodeIgniter\CodeIgniter->handleRequest(NULL, Object(Config\Cache), false)
#8 C:\Users\test\Documents\codeigniter4\public\index.php(67): CodeIgniter\CodeIgniter->run()
#9 C:\Users\test\Documents\codeigniter4\system\Commands\Server\rewrite.php(46): require_once('C:\\Users\\test\\D...')
#10 {main}
CRITICAL - 2023-03-10 01:58:10 --> Unable to connect to the database.
Main connection [MySQLi]: No connection could be made because the target machine actively refused it.

in SYSTEMPATH\Database\BaseConnection.php on line 418.
 1 SYSTEMPATH\Database\BaseConnection.php(561): CodeIgniter\Database\BaseConnection->initialize()
 2 SYSTEMPATH\Database\BaseBuilder.php(1916): CodeIgniter\Database\BaseConnection->query('INSERT INTO `mahasiswa` (`nim`, `nama`, `fakultas`, `alamat`) VALUES (:nim:, :nama:, :fakultas:, :alamat:)', [...], false)
 3 APPPATH\Models\MData.php(16): CodeIgniter\Database\BaseBuilder->insert([...])
 4 APPPATH\Controllers\Data.php(38): App\Models\MData->saveData([...])
 5 SYSTEMPATH\CodeIgniter.php(927): App\Controllers\Data->saveData()
 6 SYSTEMPATH\CodeIgniter.php(482): CodeIgniter\CodeIgniter->runController(Object(App\Controllers\Data))
 7 SYSTEMPATH\CodeIgniter.php(351): CodeIgniter\CodeIgniter->handleRequest(null, Object(Config\Cache), false)
 8 FCPATH\index.php(67): CodeIgniter\CodeIgniter->run()
 9 SYSTEMPATH\Commands\Server\rewrite.php(46): require_once('FCPATH\\index.php')
ERROR - 2023-03-10 01:58:48 --> Error connecting to the database: mysqli_sql_exception: No connection could be made because the target machine actively refused it.
 in C:\Users\test\Documents\codeigniter4\system\Database\MySQLi\Connection.php:171
Stack trace:
#0 C:\Users\test\Documents\codeigniter4\system\Database\MySQLi\Connection.php(171): mysqli->real_connect('localhost', 'root', '', 'pertemuan1', 3306, '', 0)
#1 C:\Users\test\Documents\codeigniter4\system\Database\BaseConnection.php(382): CodeIgniter\Database\MySQLi\Connection->connect(false)
#2 C:\Users\test\Documents\codeigniter4\system\Database\BaseConnection.php(561): CodeIgniter\Database\BaseConnection->initialize()
#3 C:\Users\test\Documents\codeigniter4\system\Database\BaseBuilder.php(1916): CodeIgniter\Database\BaseConnection->query('INSERT INTO `ma...', Array, false)
#4 C:\Users\test\Documents\codeigniter4\app\Models\MData.php(16): CodeIgniter\Database\BaseBuilder->insert(Array)
#5 C:\Users\test\Documents\codeigniter4\app\Controllers\Data.php(38): App\Models\MData->saveData(Array)
#6 C:\Users\test\Documents\codeigniter4\system\CodeIgniter.php(927): App\Controllers\Data->saveData()
#7 C:\Users\test\Documents\codeigniter4\system\CodeIgniter.php(482): CodeIgniter\CodeIgniter->runController(Object(App\Controllers\Data))
#8 C:\Users\test\Documents\codeigniter4\system\CodeIgniter.php(351): CodeIgniter\CodeIgniter->handleRequest(NULL, Object(Config\Cache), false)
#9 C:\Users\test\Documents\codeigniter4\public\index.php(67): CodeIgniter\CodeIgniter->run()
#10 C:\Users\test\Documents\codeigniter4\system\Commands\Server\rewrite.php(46): require_once('C:\\Users\\test\\D...')
#11 {main}

Next CodeIgniter\Database\Exceptions\DatabaseException: No connection could be made because the target machine actively refused it.
 in C:\Users\test\Documents\codeigniter4\system\Database\MySQLi\Connection.php:215
Stack trace:
#0 C:\Users\test\Documents\codeigniter4\system\Database\BaseConnection.php(382): CodeIgniter\Database\MySQLi\Connection->connect(false)
#1 C:\Users\test\Documents\codeigniter4\system\Database\BaseConnection.php(561): CodeIgniter\Database\BaseConnection->initialize()
#2 C:\Users\test\Documents\codeigniter4\system\Database\BaseBuilder.php(1916): CodeIgniter\Database\BaseConnection->query('INSERT INTO `ma...', Array, false)
#3 C:\Users\test\Documents\codeigniter4\app\Models\MData.php(16): CodeIgniter\Database\BaseBuilder->insert(Array)
#4 C:\Users\test\Documents\codeigniter4\app\Controllers\Data.php(38): App\Models\MData->saveData(Array)
#5 C:\Users\test\Documents\codeigniter4\system\CodeIgniter.php(927): App\Controllers\Data->saveData()
#6 C:\Users\test\Documents\codeigniter4\system\CodeIgniter.php(482): CodeIgniter\CodeIgniter->runController(Object(App\Controllers\Data))
#7 C:\Users\test\Documents\codeigniter4\system\CodeIgniter.php(351): CodeIgniter\CodeIgniter->handleRequest(NULL, Object(Config\Cache), false)
#8 C:\Users\test\Documents\codeigniter4\public\index.php(67): CodeIgniter\CodeIgniter->run()
#9 C:\Users\test\Documents\codeigniter4\system\Commands\Server\rewrite.php(46): require_once('C:\\Users\\test\\D...')
#10 {main}
CRITICAL - 2023-03-10 01:58:48 --> Unable to connect to the database.
Main connection [MySQLi]: No connection could be made because the target machine actively refused it.

in SYSTEMPATH\Database\BaseConnection.php on line 418.
 1 SYSTEMPATH\Database\BaseConnection.php(561): CodeIgniter\Database\BaseConnection->initialize()
 2 SYSTEMPATH\Database\BaseBuilder.php(1916): CodeIgniter\Database\BaseConnection->query('INSERT INTO `mahasiswa` (`nim`, `nama`, `fakultas`, `alamat`) VALUES (:nim:, :nama:, :fakultas:, :alamat:)', [...], false)
 3 APPPATH\Models\MData.php(16): CodeIgniter\Database\BaseBuilder->insert([...])
 4 APPPATH\Controllers\Data.php(38): App\Models\MData->saveData([...])
 5 SYSTEMPATH\CodeIgniter.php(927): App\Controllers\Data->saveData()
 6 SYSTEMPATH\CodeIgniter.php(482): CodeIgniter\CodeIgniter->runController(Object(App\Controllers\Data))
 7 SYSTEMPATH\CodeIgniter.php(351): CodeIgniter\CodeIgniter->handleRequest(null, Object(Config\Cache), false)
 8 FCPATH\index.php(67): CodeIgniter\CodeIgniter->run()
 9 SYSTEMPATH\Commands\Server\rewrite.php(46): require_once('FCPATH\\index.php')
ERROR - 2023-03-10 01:58:53 --> Error connecting to the database: mysqli_sql_exception: No connection could be made because the target machine actively refused it.
 in C:\Users\test\Documents\codeigniter4\system\Database\MySQLi\Connection.php:171
Stack trace:
#0 C:\Users\test\Documents\codeigniter4\system\Database\MySQLi\Connection.php(171): mysqli->real_connect('localhost', 'root', '', 'pertemuan1', 3306, '', 0)
#1 C:\Users\test\Documents\codeigniter4\system\Database\BaseConnection.php(382): CodeIgniter\Database\MySQLi\Connection->connect(false)
#2 C:\Users\test\Documents\codeigniter4\system\Database\BaseConnection.php(561): CodeIgniter\Database\BaseConnection->initialize()
#3 C:\Users\test\Documents\codeigniter4\system\Database\BaseBuilder.php(1916): CodeIgniter\Database\BaseConnection->query('INSERT INTO `ma...', Array, false)
#4 C:\Users\test\Documents\codeigniter4\app\Models\MData.php(16): CodeIgniter\Database\BaseBuilder->insert(Array)
#5 C:\Users\test\Documents\codeigniter4\app\Controllers\Data.php(38): App\Models\MData->saveData(Array)
#6 C:\Users\test\Documents\codeigniter4\system\CodeIgniter.php(927): App\Controllers\Data->saveData()
#7 C:\Users\test\Documents\codeigniter4\system\CodeIgniter.php(482): CodeIgniter\CodeIgniter->runController(Object(App\Controllers\Data))
#8 C:\Users\test\Documents\codeigniter4\system\CodeIgniter.php(351): CodeIgniter\CodeIgniter->handleRequest(NULL, Object(Config\Cache), false)
#9 C:\Users\test\Documents\codeigniter4\public\index.php(67): CodeIgniter\CodeIgniter->run()
#10 C:\Users\test\Documents\codeigniter4\system\Commands\Server\rewrite.php(46): require_once('C:\\Users\\test\\D...')
#11 {main}

Next CodeIgniter\Database\Exceptions\DatabaseException: No connection could be made because the target machine actively refused it.
 in C:\Users\test\Documents\codeigniter4\system\Database\MySQLi\Connection.php:215
Stack trace:
#0 C:\Users\test\Documents\codeigniter4\system\Database\BaseConnection.php(382): CodeIgniter\Database\MySQLi\Connection->connect(false)
#1 C:\Users\test\Documents\codeigniter4\system\Database\BaseConnection.php(561): CodeIgniter\Database\BaseConnection->initialize()
#2 C:\Users\test\Documents\codeigniter4\system\Database\BaseBuilder.php(1916): CodeIgniter\Database\BaseConnection->query('INSERT INTO `ma...', Array, false)
#3 C:\Users\test\Documents\codeigniter4\app\Models\MData.php(16): CodeIgniter\Database\BaseBuilder->insert(Array)
#4 C:\Users\test\Documents\codeigniter4\app\Controllers\Data.php(38): App\Models\MData->saveData(Array)
#5 C:\Users\test\Documents\codeigniter4\system\CodeIgniter.php(927): App\Controllers\Data->saveData()
#6 C:\Users\test\Documents\codeigniter4\system\CodeIgniter.php(482): CodeIgniter\CodeIgniter->runController(Object(App\Controllers\Data))
#7 C:\Users\test\Documents\codeigniter4\system\CodeIgniter.php(351): CodeIgniter\CodeIgniter->handleRequest(NULL, Object(Config\Cache), false)
#8 C:\Users\test\Documents\codeigniter4\public\index.php(67): CodeIgniter\CodeIgniter->run()
#9 C:\Users\test\Documents\codeigniter4\system\Commands\Server\rewrite.php(46): require_once('C:\\Users\\test\\D...')
#10 {main}
CRITICAL - 2023-03-10 01:58:53 --> Unable to connect to the database.
Main connection [MySQLi]: No connection could be made because the target machine actively refused it.

in SYSTEMPATH\Database\BaseConnection.php on line 418.
 1 SYSTEMPATH\Database\BaseConnection.php(561): CodeIgniter\Database\BaseConnection->initialize()
 2 SYSTEMPATH\Database\BaseBuilder.php(1916): CodeIgniter\Database\BaseConnection->query('INSERT INTO `mahasiswa` (`nim`, `nama`, `fakultas`, `alamat`) VALUES (:nim:, :nama:, :fakultas:, :alamat:)', [...], false)
 3 APPPATH\Models\MData.php(16): CodeIgniter\Database\BaseBuilder->insert([...])
 4 APPPATH\Controllers\Data.php(38): App\Models\MData->saveData([...])
 5 SYSTEMPATH\CodeIgniter.php(927): App\Controllers\Data->saveData()
 6 SYSTEMPATH\CodeIgniter.php(482): CodeIgniter\CodeIgniter->runController(Object(App\Controllers\Data))
 7 SYSTEMPATH\CodeIgniter.php(351): CodeIgniter\CodeIgniter->handleRequest(null, Object(Config\Cache), false)
 8 FCPATH\index.php(67): CodeIgniter\CodeIgniter->run()
 9 SYSTEMPATH\Commands\Server\rewrite.php(46): require_once('FCPATH\\index.php')
ERROR - 2023-03-10 01:59:48 --> mysqli_sql_exception: Duplicate entry '124391724' for key 'PRIMARY' in C:\Users\test\Documents\codeigniter4\system\Database\MySQLi\Connection.php:292
Stack trace:
#0 C:\Users\test\Documents\codeigniter4\system\Database\MySQLi\Connection.php(292): mysqli->query('INSERT INTO `ma...', 0)
#1 C:\Users\test\Documents\codeigniter4\system\Database\BaseConnection.php(666): CodeIgniter\Database\MySQLi\Connection->execute('INSERT INTO `ma...')
#2 C:\Users\test\Documents\codeigniter4\system\Database\BaseConnection.php(593): CodeIgniter\Database\BaseConnection->simpleQuery('INSERT INTO `ma...')
#3 C:\Users\test\Documents\codeigniter4\system\Database\BaseBuilder.php(1916): CodeIgniter\Database\BaseConnection->query('INSERT INTO `ma...', Array, false)
#4 C:\Users\test\Documents\codeigniter4\app\Models\MData.php(16): CodeIgniter\Database\BaseBuilder->insert(Array)
#5 C:\Users\test\Documents\codeigniter4\app\Controllers\Data.php(38): App\Models\MData->saveData(Array)
#6 C:\Users\test\Documents\codeigniter4\system\CodeIgniter.php(927): App\Controllers\Data->saveData()
#7 C:\Users\test\Documents\codeigniter4\system\CodeIgniter.php(482): CodeIgniter\CodeIgniter->runController(Object(App\Controllers\Data))
#8 C:\Users\test\Documents\codeigniter4\system\CodeIgniter.php(351): CodeIgniter\CodeIgniter->handleRequest(NULL, Object(Config\Cache), false)
#9 C:\Users\test\Documents\codeigniter4\public\index.php(67): CodeIgniter\CodeIgniter->run()
#10 C:\Users\test\Documents\codeigniter4\system\Commands\Server\rewrite.php(46): require_once('C:\\Users\\test\\D...')
#11 {main}
CRITICAL - 2023-03-10 01:59:48 --> Duplicate entry '124391724' for key 'PRIMARY'
in SYSTEMPATH\Database\MySQLi\Connection.php on line 292.
 1 SYSTEMPATH\Database\MySQLi\Connection.php(292): mysqli->query('INSERT INTO `mahasiswa` (`nim`, `nama`, `fakultas`, `alamat`) VALUES (\'124391724\', \'RARARARARA\', \'sadsdadada\', \'hvfyhewfcv\')', 0)
 2 SYSTEMPATH\Database\BaseConnection.php(666): CodeIgniter\Database\MySQLi\Connection->execute('INSERT INTO `mahasiswa` (`nim`, `nama`, `fakultas`, `alamat`) VALUES (\'124391724\', \'RARARARARA\', \'sadsdadada\', \'hvfyhewfcv\')')
 3 SYSTEMPATH\Database\BaseConnection.php(593): CodeIgniter\Database\BaseConnection->simpleQuery('INSERT INTO `mahasiswa` (`nim`, `nama`, `fakultas`, `alamat`) VALUES (\'124391724\', \'RARARARARA\', \'sadsdadada\', \'hvfyhewfcv\')')
 4 SYSTEMPATH\Database\BaseBuilder.php(1916): CodeIgniter\Database\BaseConnection->query('INSERT INTO `mahasiswa` (`nim`, `nama`, `fakultas`, `alamat`) VALUES (:nim:, :nama:, :fakultas:, :alamat:)', [...], false)
 5 APPPATH\Models\MData.php(16): CodeIgniter\Database\BaseBuilder->insert([...])
 6 APPPATH\Controllers\Data.php(38): App\Models\MData->saveData([...])
 7 SYSTEMPATH\CodeIgniter.php(927): App\Controllers\Data->saveData()
 8 SYSTEMPATH\CodeIgniter.php(482): CodeIgniter\CodeIgniter->runController(Object(App\Controllers\Data))
 9 SYSTEMPATH\CodeIgniter.php(351): CodeIgniter\CodeIgniter->handleRequest(null, Object(Config\Cache), false)
10 FCPATH\index.php(67): CodeIgniter\CodeIgniter->run()
11 SYSTEMPATH\Commands\Server\rewrite.php(46): require_once('FCPATH\\index.php')
ERROR - 2023-03-10 02:21:09 --> mysqli_sql_exception: Duplicate entry '124391724' for key 'PRIMARY' in C:\Users\test\Documents\codeigniter4\system\Database\MySQLi\Connection.php:292
Stack trace:
#0 C:\Users\test\Documents\codeigniter4\system\Database\MySQLi\Connection.php(292): mysqli->query('INSERT INTO `ma...', 0)
#1 C:\Users\test\Documents\codeigniter4\system\Database\BaseConnection.php(666): CodeIgniter\Database\MySQLi\Connection->execute('INSERT INTO `ma...')
#2 C:\Users\test\Documents\codeigniter4\system\Database\BaseConnection.php(593): CodeIgniter\Database\BaseConnection->simpleQuery('INSERT INTO `ma...')
#3 C:\Users\test\Documents\codeigniter4\system\Database\BaseBuilder.php(1916): CodeIgniter\Database\BaseConnection->query('INSERT INTO `ma...', Array, false)
#4 C:\Users\test\Documents\codeigniter4\app\Models\MData.php(16): CodeIgniter\Database\BaseBuilder->insert(Array)
#5 C:\Users\test\Documents\codeigniter4\app\Controllers\Data.php(38): App\Models\MData->saveData(Array)
#6 C:\Users\test\Documents\codeigniter4\system\CodeIgniter.php(927): App\Controllers\Data->saveData()
#7 C:\Users\test\Documents\codeigniter4\system\CodeIgniter.php(482): CodeIgniter\CodeIgniter->runController(Object(App\Controllers\Data))
#8 C:\Users\test\Documents\codeigniter4\system\CodeIgniter.php(351): CodeIgniter\CodeIgniter->handleRequest(NULL, Object(Config\Cache), false)
#9 C:\Users\test\Documents\codeigniter4\public\index.php(67): CodeIgniter\CodeIgniter->run()
#10 C:\Users\test\Documents\codeigniter4\system\Commands\Server\rewrite.php(46): require_once('C:\\Users\\test\\D...')
#11 {main}
CRITICAL - 2023-03-10 02:21:09 --> Duplicate entry '124391724' for key 'PRIMARY'
in SYSTEMPATH\Database\MySQLi\Connection.php on line 292.
 1 SYSTEMPATH\Database\MySQLi\Connection.php(292): mysqli->query('INSERT INTO `mahasiswa` (`nim`, `nama`, `fakultas`, `alamat`) VALUES (\'124391724\', \'RARARARARA\', \'sadsdadada\', \'hvfyhewfcv\')', 0)
 2 SYSTEMPATH\Database\BaseConnection.php(666): CodeIgniter\Database\MySQLi\Connection->execute('INSERT INTO `mahasiswa` (`nim`, `nama`, `fakultas`, `alamat`) VALUES (\'124391724\', \'RARARARARA\', \'sadsdadada\', \'hvfyhewfcv\')')
 3 SYSTEMPATH\Database\BaseConnection.php(593): CodeIgniter\Database\BaseConnection->simpleQuery('INSERT INTO `mahasiswa` (`nim`, `nama`, `fakultas`, `alamat`) VALUES (\'124391724\', \'RARARARARA\', \'sadsdadada\', \'hvfyhewfcv\')')
 4 SYSTEMPATH\Database\BaseBuilder.php(1916): CodeIgniter\Database\BaseConnection->query('INSERT INTO `mahasiswa` (`nim`, `nama`, `fakultas`, `alamat`) VALUES (:nim:, :nama:, :fakultas:, :alamat:)', [...], false)
 5 APPPATH\Models\MData.php(16): CodeIgniter\Database\BaseBuilder->insert([...])
 6 APPPATH\Controllers\Data.php(38): App\Models\MData->saveData([...])
 7 SYSTEMPATH\CodeIgniter.php(927): App\Controllers\Data->saveData()
 8 SYSTEMPATH\CodeIgniter.php(482): CodeIgniter\CodeIgniter->runController(Object(App\Controllers\Data))
 9 SYSTEMPATH\CodeIgniter.php(351): CodeIgniter\CodeIgniter->handleRequest(null, Object(Config\Cache), false)
10 FCPATH\index.php(67): CodeIgniter\CodeIgniter->run()
11 SYSTEMPATH\Commands\Server\rewrite.php(46): require_once('FCPATH\\index.php')
ERROR - 2023-03-10 04:08:20 --> mysqli_sql_exception: Unknown column 'fsaugge' in 'where clause' in C:\Users\test\Documents\codeigniter4\system\Database\MySQLi\Connection.php:292
Stack trace:
#0 C:\Users\test\Documents\codeigniter4\system\Database\MySQLi\Connection.php(292): mysqli->query('select * from m...', 0)
#1 C:\Users\test\Documents\codeigniter4\system\Database\BaseConnection.php(666): CodeIgniter\Database\MySQLi\Connection->execute('select * from m...')
#2 C:\Users\test\Documents\codeigniter4\system\Database\BaseConnection.php(593): CodeIgniter\Database\BaseConnection->simpleQuery('select * from m...')
#3 C:\Users\test\Documents\codeigniter4\app\Models\MData.php(21): CodeIgniter\Database\BaseConnection->query('select * from m...')
#4 C:\Users\test\Documents\codeigniter4\app\Controllers\Data.php(44): App\Models\MData->getSelectData('fsaugge')
#5 C:\Users\test\Documents\codeigniter4\system\CodeIgniter.php(927): App\Controllers\Data->editData('fsaugge')
#6 C:\Users\test\Documents\codeigniter4\system\CodeIgniter.php(482): CodeIgniter\CodeIgniter->runController(Object(App\Controllers\Data))
#7 C:\Users\test\Documents\codeigniter4\system\CodeIgniter.php(351): CodeIgniter\CodeIgniter->handleRequest(NULL, Object(Config\Cache), false)
#8 C:\Users\test\Documents\codeigniter4\public\index.php(67): CodeIgniter\CodeIgniter->run()
#9 C:\Users\test\Documents\codeigniter4\system\Commands\Server\rewrite.php(46): require_once('C:\\Users\\test\\D...')
#10 {main}
CRITICAL - 2023-03-10 04:08:20 --> Unknown column 'fsaugge' in 'where clause'
in SYSTEMPATH\Database\MySQLi\Connection.php on line 292.
 1 SYSTEMPATH\Database\MySQLi\Connection.php(292): mysqli->query('select * from mahasiswa where nim = fsaugge', 0)
 2 SYSTEMPATH\Database\BaseConnection.php(666): CodeIgniter\Database\MySQLi\Connection->execute('select * from mahasiswa where nim = fsaugge')
 3 SYSTEMPATH\Database\BaseConnection.php(593): CodeIgniter\Database\BaseConnection->simpleQuery('select * from mahasiswa where nim = fsaugge')
 4 APPPATH\Models\MData.php(21): CodeIgniter\Database\BaseConnection->query('select * from mahasiswa where nim = fsaugge')
 5 APPPATH\Controllers\Data.php(44): App\Models\MData->getSelectData('fsaugge')
 6 SYSTEMPATH\CodeIgniter.php(927): App\Controllers\Data->editData('fsaugge')
 7 SYSTEMPATH\CodeIgniter.php(482): CodeIgniter\CodeIgniter->runController(Object(App\Controllers\Data))
 8 SYSTEMPATH\CodeIgniter.php(351): CodeIgniter\CodeIgniter->handleRequest(null, Object(Config\Cache), false)
 9 FCPATH\index.php(67): CodeIgniter\CodeIgniter->run()
10 SYSTEMPATH\Commands\Server\rewrite.php(46): require_once('FCPATH\\index.php')
CRITICAL - 2023-03-10 05:11:11 --> Undefined variable: row
in APPPATH\Views\V_insertData.php on line 18.
 1 APPPATH\Views\V_insertData.php(18): CodeIgniter\Debug\Exceptions->errorHandler(8, 'Undefined variable: row', 'APPPATH\\Views\\V_insertData.php', 18, [])
 2 SYSTEMPATH\View\View.php(213): include('APPPATH\\Views\\V_insertData.php')
 3 SYSTEMPATH\View\View.php(216): CodeIgniter\View\View->CodeIgniter\View\{closure}()
 4 SYSTEMPATH\Common.php(1134): CodeIgniter\View\View->render('V_insertData', [], true)
 5 APPPATH\Controllers\Data.php(27): view('V_insertData')
 6 SYSTEMPATH\CodeIgniter.php(927): App\Controllers\Data->insertData()
 7 SYSTEMPATH\CodeIgniter.php(482): CodeIgniter\CodeIgniter->runController(Object(App\Controllers\Data))
 8 SYSTEMPATH\CodeIgniter.php(351): CodeIgniter\CodeIgniter->handleRequest(null, Object(Config\Cache), false)
 9 FCPATH\index.php(67): CodeIgniter\CodeIgniter->run()
10 SYSTEMPATH\Commands\Server\rewrite.php(46): require_once('FCPATH\\index.php')
CRITICAL - 2023-03-10 05:12:21 --> Undefined variable: row
in APPPATH\Views\V_insertData.php on line 24.
 1 APPPATH\Views\V_insertData.php(24): CodeIgniter\Debug\Exceptions->errorHandler(8, 'Undefined variable: row', 'APPPATH\\Views\\V_insertData.php', 24, [])
 2 SYSTEMPATH\View\View.php(213): include('APPPATH\\Views\\V_insertData.php')
 3 SYSTEMPATH\View\View.php(216): CodeIgniter\View\View->CodeIgniter\View\{closure}()
 4 SYSTEMPATH\Common.php(1134): CodeIgniter\View\View->render('V_insertData', [], true)
 5 APPPATH\Controllers\Data.php(27): view('V_insertData')
 6 SYSTEMPATH\CodeIgniter.php(927): App\Controllers\Data->insertData()
 7 SYSTEMPATH\CodeIgniter.php(482): CodeIgniter\CodeIgniter->runController(Object(App\Controllers\Data))
 8 SYSTEMPATH\CodeIgniter.php(351): CodeIgniter\CodeIgniter->handleRequest(null, Object(Config\Cache), false)
 9 FCPATH\index.php(67): CodeIgniter\CodeIgniter->run()
10 SYSTEMPATH\Commands\Server\rewrite.php(46): require_once('FCPATH\\index.php')
CRITICAL - 2023-03-10 05:12:25 --> Undefined variable: row
in APPPATH\Views\V_insertData.php on line 24.
 1 APPPATH\Views\V_insertData.php(24): CodeIgniter\Debug\Exceptions->errorHandler(8, 'Undefined variable: row', 'APPPATH\\Views\\V_insertData.php', 24, [])
 2 SYSTEMPATH\View\View.php(213): include('APPPATH\\Views\\V_insertData.php')
 3 SYSTEMPATH\View\View.php(216): CodeIgniter\View\View->CodeIgniter\View\{closure}()
 4 SYSTEMPATH\Common.php(1134): CodeIgniter\View\View->render('V_insertData', [], true)
 5 APPPATH\Controllers\Data.php(27): view('V_insertData')
 6 SYSTEMPATH\CodeIgniter.php(927): App\Controllers\Data->insertData()
 7 SYSTEMPATH\CodeIgniter.php(482): CodeIgniter\CodeIgniter->runController(Object(App\Controllers\Data))
 8 SYSTEMPATH\CodeIgniter.php(351): CodeIgniter\CodeIgniter->handleRequest(null, Object(Config\Cache), false)
 9 FCPATH\index.php(67): CodeIgniter\CodeIgniter->run()
10 SYSTEMPATH\Commands\Server\rewrite.php(46): require_once('FCPATH\\index.php')
CRITICAL - 2023-03-10 05:14:05 --> Undefined variable: row
in APPPATH\Views\V_insertData.php on line 23.
 1 APPPATH\Views\V_insertData.php(23): CodeIgniter\Debug\Exceptions->errorHandler(8, 'Undefined variable: row', 'APPPATH\\Views\\V_insertData.php', 23, [])
 2 SYSTEMPATH\View\View.php(213): include('APPPATH\\Views\\V_insertData.php')
 3 SYSTEMPATH\View\View.php(216): CodeIgniter\View\View->CodeIgniter\View\{closure}()
 4 SYSTEMPATH\Common.php(1134): CodeIgniter\View\View->render('V_insertData', [], true)
 5 APPPATH\Controllers\Data.php(27): view('V_insertData')
 6 SYSTEMPATH\CodeIgniter.php(927): App\Controllers\Data->insertData()
 7 SYSTEMPATH\CodeIgniter.php(482): CodeIgniter\CodeIgniter->runController(Object(App\Controllers\Data))
 8 SYSTEMPATH\CodeIgniter.php(351): CodeIgniter\CodeIgniter->handleRequest(null, Object(Config\Cache), false)
 9 FCPATH\index.php(67): CodeIgniter\CodeIgniter->run()
10 SYSTEMPATH\Commands\Server\rewrite.php(46): require_once('FCPATH\\index.php')
CRITICAL - 2023-03-10 05:16:52 --> Undefined variable: row
in APPPATH\Views\V_insertData.php on line 20.
 1 APPPATH\Views\V_insertData.php(20): CodeIgniter\Debug\Exceptions->errorHandler(8, 'Undefined variable: row', 'APPPATH\\Views\\V_insertData.php', 20, [])
 2 SYSTEMPATH\View\View.php(213): include('APPPATH\\Views\\V_insertData.php')
 3 SYSTEMPATH\View\View.php(216): CodeIgniter\View\View->CodeIgniter\View\{closure}()
 4 SYSTEMPATH\Common.php(1134): CodeIgniter\View\View->render('V_insertData', [], true)
 5 APPPATH\Controllers\Data.php(27): view('V_insertData')
 6 SYSTEMPATH\CodeIgniter.php(927): App\Controllers\Data->insertData()
 7 SYSTEMPATH\CodeIgniter.php(482): CodeIgniter\CodeIgniter->runController(Object(App\Controllers\Data))
 8 SYSTEMPATH\CodeIgniter.php(351): CodeIgniter\CodeIgniter->handleRequest(null, Object(Config\Cache), false)
 9 FCPATH\index.php(67): CodeIgniter\CodeIgniter->run()
10 SYSTEMPATH\Commands\Server\rewrite.php(46): require_once('FCPATH\\index.php')
CRITICAL - 2023-03-10 05:16:54 --> Undefined variable: row
in APPPATH\Views\V_insertData.php on line 20.
 1 APPPATH\Views\V_insertData.php(20): CodeIgniter\Debug\Exceptions->errorHandler(8, 'Undefined variable: row', 'APPPATH\\Views\\V_insertData.php', 20, [])
 2 SYSTEMPATH\View\View.php(213): include('APPPATH\\Views\\V_insertData.php')
 3 SYSTEMPATH\View\View.php(216): CodeIgniter\View\View->CodeIgniter\View\{closure}()
 4 SYSTEMPATH\Common.php(1134): CodeIgniter\View\View->render('V_insertData', [], true)
 5 APPPATH\Controllers\Data.php(27): view('V_insertData')
 6 SYSTEMPATH\CodeIgniter.php(927): App\Controllers\Data->insertData()
 7 SYSTEMPATH\CodeIgniter.php(482): CodeIgniter\CodeIgniter->runController(Object(App\Controllers\Data))
 8 SYSTEMPATH\CodeIgniter.php(351): CodeIgniter\CodeIgniter->handleRequest(null, Object(Config\Cache), false)
 9 FCPATH\index.php(67): CodeIgniter\CodeIgniter->run()
10 SYSTEMPATH\Commands\Server\rewrite.php(46): require_once('FCPATH\\index.php')
CRITICAL - 2023-03-10 05:16:55 --> Undefined variable: row
in APPPATH\Views\V_insertData.php on line 20.
 1 APPPATH\Views\V_insertData.php(20): CodeIgniter\Debug\Exceptions->errorHandler(8, 'Undefined variable: row', 'APPPATH\\Views\\V_insertData.php', 20, [])
 2 SYSTEMPATH\View\View.php(213): include('APPPATH\\Views\\V_insertData.php')
 3 SYSTEMPATH\View\View.php(216): CodeIgniter\View\View->CodeIgniter\View\{closure}()
 4 SYSTEMPATH\Common.php(1134): CodeIgniter\View\View->render('V_insertData', [], true)
 5 APPPATH\Controllers\Data.php(27): view('V_insertData')
 6 SYSTEMPATH\CodeIgniter.php(927): App\Controllers\Data->insertData()
 7 SYSTEMPATH\CodeIgniter.php(482): CodeIgniter\CodeIgniter->runController(Object(App\Controllers\Data))
 8 SYSTEMPATH\CodeIgniter.php(351): CodeIgniter\CodeIgniter->handleRequest(null, Object(Config\Cache), false)
 9 FCPATH\index.php(67): CodeIgniter\CodeIgniter->run()
10 SYSTEMPATH\Commands\Server\rewrite.php(46): require_once('FCPATH\\index.php')
CRITICAL - 2023-03-10 05:16:56 --> Undefined variable: row
in APPPATH\Views\V_insertData.php on line 20.
 1 APPPATH\Views\V_insertData.php(20): CodeIgniter\Debug\Exceptions->errorHandler(8, 'Undefined variable: row', 'APPPATH\\Views\\V_insertData.php', 20, [])
 2 SYSTEMPATH\View\View.php(213): include('APPPATH\\Views\\V_insertData.php')
 3 SYSTEMPATH\View\View.php(216): CodeIgniter\View\View->CodeIgniter\View\{closure}()
 4 SYSTEMPATH\Common.php(1134): CodeIgniter\View\View->render('V_insertData', [], true)
 5 APPPATH\Controllers\Data.php(27): view('V_insertData')
 6 SYSTEMPATH\CodeIgniter.php(927): App\Controllers\Data->insertData()
 7 SYSTEMPATH\CodeIgniter.php(482): CodeIgniter\CodeIgniter->runController(Object(App\Controllers\Data))
 8 SYSTEMPATH\CodeIgniter.php(351): CodeIgniter\CodeIgniter->handleRequest(null, Object(Config\Cache), false)
 9 FCPATH\index.php(67): CodeIgniter\CodeIgniter->run()
10 SYSTEMPATH\Commands\Server\rewrite.php(46): require_once('FCPATH\\index.php')
CRITICAL - 2023-03-10 05:19:24 --> Undefined variable: row
in APPPATH\Views\V_insertData.php on line 20.
 1 APPPATH\Views\V_insertData.php(20): CodeIgniter\Debug\Exceptions->errorHandler(8, 'Undefined variable: row', 'APPPATH\\Views\\V_insertData.php', 20, [])
 2 SYSTEMPATH\View\View.php(213): include('APPPATH\\Views\\V_insertData.php')
 3 SYSTEMPATH\View\View.php(216): CodeIgniter\View\View->CodeIgniter\View\{closure}()
 4 SYSTEMPATH\Common.php(1134): CodeIgniter\View\View->render('V_insertData', [], true)
 5 APPPATH\Controllers\Data.php(27): view('V_insertData')
 6 SYSTEMPATH\CodeIgniter.php(927): App\Controllers\Data->insertData()
 7 SYSTEMPATH\CodeIgniter.php(482): CodeIgniter\CodeIgniter->runController(Object(App\Controllers\Data))
 8 SYSTEMPATH\CodeIgniter.php(351): CodeIgniter\CodeIgniter->handleRequest(null, Object(Config\Cache), false)
 9 FCPATH\index.php(67): CodeIgniter\CodeIgniter->run()
10 SYSTEMPATH\Commands\Server\rewrite.php(46): require_once('FCPATH\\index.php')
