CRITICAL - 2023-04-08 00:33:58 --> Undefined property: stdClass::$nim
in APPPATH\Views\V_showData.php on line 124.
 1 APPPATH\Views\V_showData.php(124): CodeIgniter\Debug\Exceptions->errorHandler(8, 'Undefined property: stdClass::$nim', 'APPPATH\\Views\\V_showData.php', 124, [...])
 2 SYSTEMPATH\View\View.php(213): include('APPPATH\\Views\\V_showData.php')
 3 SYSTEMPATH\View\View.php(216): CodeIgniter\View\View->CodeIgniter\View\{closure}()
 4 SYSTEMPATH\Common.php(1134): CodeIgniter\View\View->render('V_showData', [], true)
 5 APPPATH\Controllers\Data.php(22): view('V_showData', [...])
 6 SYSTEMPATH\CodeIgniter.php(927): App\Controllers\Data->index()
 7 SYSTEMPATH\CodeIgniter.php(482): CodeIgniter\CodeIgniter->runController(Object(App\Controllers\Data))
 8 SYSTEMPATH\CodeIgniter.php(351): CodeIgniter\CodeIgniter->handleRequest(null, Object(Config\Cache), false)
 9 FCPATH\index.php(67): CodeIgniter\CodeIgniter->run()
10 SYSTEMPATH\Commands\Server\rewrite.php(46): require_once('FCPATH\\index.php')
ERROR - 2023-04-08 00:34:39 --> mysqli_sql_exception: Unknown column 'nim' in 'where clause' in C:\Users\test\Desktop\codeigniter4-master\system\Database\MySQLi\Connection.php:292
Stack trace:
#0 C:\Users\test\Desktop\codeigniter4-master\system\Database\MySQLi\Connection.php(292): mysqli->query('select * from t...', 0)
#1 C:\Users\test\Desktop\codeigniter4-master\system\Database\BaseConnection.php(666): CodeIgniter\Database\MySQLi\Connection->execute('select * from t...')
#2 C:\Users\test\Desktop\codeigniter4-master\system\Database\BaseConnection.php(593): CodeIgniter\Database\BaseConnection->simpleQuery('select * from t...')
#3 C:\Users\test\Desktop\codeigniter4-master\app\Models\MData.php(21): CodeIgniter\Database\BaseConnection->query('select * from t...')
#4 C:\Users\test\Desktop\codeigniter4-master\app\Controllers\Data.php(46): App\Models\MData->getSelectData('1')
#5 C:\Users\test\Desktop\codeigniter4-master\system\CodeIgniter.php(927): App\Controllers\Data->editData('1')
#6 C:\Users\test\Desktop\codeigniter4-master\system\CodeIgniter.php(482): CodeIgniter\CodeIgniter->runController(Object(App\Controllers\Data))
#7 C:\Users\test\Desktop\codeigniter4-master\system\CodeIgniter.php(351): CodeIgniter\CodeIgniter->handleRequest(NULL, Object(Config\Cache), false)
#8 C:\Users\test\Desktop\codeigniter4-master\public\index.php(67): CodeIgniter\CodeIgniter->run()
#9 C:\Users\test\Desktop\codeigniter4-master\system\Commands\Server\rewrite.php(46): require_once('C:\\Users\\test\\D...')
#10 {main}
CRITICAL - 2023-04-08 00:34:39 --> Unknown column 'nim' in 'where clause'
in SYSTEMPATH\Database\MySQLi\Connection.php on line 292.
 1 SYSTEMPATH\Database\MySQLi\Connection.php(292): mysqli->query('select * from tbl_fitrah where nim = 1', 0)
 2 SYSTEMPATH\Database\BaseConnection.php(666): CodeIgniter\Database\MySQLi\Connection->execute('select * from tbl_fitrah where nim = 1')
 3 SYSTEMPATH\Database\BaseConnection.php(593): CodeIgniter\Database\BaseConnection->simpleQuery('select * from tbl_fitrah where nim = 1')
 4 APPPATH\Models\MData.php(21): CodeIgniter\Database\BaseConnection->query('select * from tbl_fitrah where nim = 1')
 5 APPPATH\Controllers\Data.php(46): App\Models\MData->getSelectData('1')
 6 SYSTEMPATH\CodeIgniter.php(927): App\Controllers\Data->editData('1')
 7 SYSTEMPATH\CodeIgniter.php(482): CodeIgniter\CodeIgniter->runController(Object(App\Controllers\Data))
 8 SYSTEMPATH\CodeIgniter.php(351): CodeIgniter\CodeIgniter->handleRequest(null, Object(Config\Cache), false)
 9 FCPATH\index.php(67): CodeIgniter\CodeIgniter->run()
10 SYSTEMPATH\Commands\Server\rewrite.php(46): require_once('FCPATH\\index.php')
ERROR - 2023-04-08 01:47:37 --> mysqli_sql_exception: Unknown column 'nim' in 'where clause' in C:\Users\test\Desktop\codeigniter4-master\system\Database\MySQLi\Connection.php:292
Stack trace:
#0 C:\Users\test\Desktop\codeigniter4-master\system\Database\MySQLi\Connection.php(292): mysqli->query('select * from t...', 0)
#1 C:\Users\test\Desktop\codeigniter4-master\system\Database\BaseConnection.php(666): CodeIgniter\Database\MySQLi\Connection->execute('select * from t...')
#2 C:\Users\test\Desktop\codeigniter4-master\system\Database\BaseConnection.php(593): CodeIgniter\Database\BaseConnection->simpleQuery('select * from t...')
#3 C:\Users\test\Desktop\codeigniter4-master\app\Models\MData.php(21): CodeIgniter\Database\BaseConnection->query('select * from t...')
#4 C:\Users\test\Desktop\codeigniter4-master\app\Controllers\Data.php(46): App\Models\MData->getSelectData('12433567')
#5 C:\Users\test\Desktop\codeigniter4-master\system\CodeIgniter.php(927): App\Controllers\Data->editData('12433567')
#6 C:\Users\test\Desktop\codeigniter4-master\system\CodeIgniter.php(482): CodeIgniter\CodeIgniter->runController(Object(App\Controllers\Data))
#7 C:\Users\test\Desktop\codeigniter4-master\system\CodeIgniter.php(351): CodeIgniter\CodeIgniter->handleRequest(NULL, Object(Config\Cache), false)
#8 C:\Users\test\Desktop\codeigniter4-master\public\index.php(67): CodeIgniter\CodeIgniter->run()
#9 C:\Users\test\Desktop\codeigniter4-master\system\Commands\Server\rewrite.php(46): require_once('C:\\Users\\test\\D...')
#10 {main}
CRITICAL - 2023-04-08 01:47:37 --> Unknown column 'nim' in 'where clause'
in SYSTEMPATH\Database\MySQLi\Connection.php on line 292.
 1 SYSTEMPATH\Database\MySQLi\Connection.php(292): mysqli->query('select * from tbl_fitrah where nim = 12433567', 0)
 2 SYSTEMPATH\Database\BaseConnection.php(666): CodeIgniter\Database\MySQLi\Connection->execute('select * from tbl_fitrah where nim = 12433567')
 3 SYSTEMPATH\Database\BaseConnection.php(593): CodeIgniter\Database\BaseConnection->simpleQuery('select * from tbl_fitrah where nim = 12433567')
 4 APPPATH\Models\MData.php(21): CodeIgniter\Database\BaseConnection->query('select * from tbl_fitrah where nim = 12433567')
 5 APPPATH\Controllers\Data.php(46): App\Models\MData->getSelectData('12433567')
 6 SYSTEMPATH\CodeIgniter.php(927): App\Controllers\Data->editData('12433567')
 7 SYSTEMPATH\CodeIgniter.php(482): CodeIgniter\CodeIgniter->runController(Object(App\Controllers\Data))
 8 SYSTEMPATH\CodeIgniter.php(351): CodeIgniter\CodeIgniter->handleRequest(null, Object(Config\Cache), false)
 9 FCPATH\index.php(67): CodeIgniter\CodeIgniter->run()
10 SYSTEMPATH\Commands\Server\rewrite.php(46): require_once('FCPATH\\index.php')
CRITICAL - 2023-04-08 05:16:20 --> Undefined property: stdClass::$nim
in APPPATH\Views\V_editData.php on line 21.
 1 APPPATH\Views\V_editData.php(21): CodeIgniter\Debug\Exceptions->errorHandler(8, 'Undefined property: stdClass::$nim', 'APPPATH\\Views\\V_editData.php', 21, [...])
 2 SYSTEMPATH\View\View.php(213): include('APPPATH\\Views\\V_editData.php')
 3 SYSTEMPATH\View\View.php(216): CodeIgniter\View\View->CodeIgniter\View\{closure}()
 4 SYSTEMPATH\Common.php(1134): CodeIgniter\View\View->render('V_editData', [], true)
 5 APPPATH\Controllers\Data.php(51): view('V_editData', [...])
 6 SYSTEMPATH\CodeIgniter.php(927): App\Controllers\Data->editData('124154346')
 7 SYSTEMPATH\CodeIgniter.php(482): CodeIgniter\CodeIgniter->runController(Object(App\Controllers\Data))
 8 SYSTEMPATH\CodeIgniter.php(351): CodeIgniter\CodeIgniter->handleRequest(null, Object(Config\Cache), false)
 9 FCPATH\index.php(67): CodeIgniter\CodeIgniter->run()
10 SYSTEMPATH\Commands\Server\rewrite.php(46): require_once('FCPATH\\index.php')
CRITICAL - 2023-04-08 05:24:46 --> Undefined property: stdClass::$alamat
in APPPATH\Views\V_editData.php on line 38.
 1 APPPATH\Views\V_editData.php(38): CodeIgniter\Debug\Exceptions->errorHandler(8, 'Undefined property: stdClass::$alamat', 'APPPATH\\Views\\V_editData.php', 38, [...])
 2 SYSTEMPATH\View\View.php(213): include('APPPATH\\Views\\V_editData.php')
 3 SYSTEMPATH\View\View.php(216): CodeIgniter\View\View->CodeIgniter\View\{closure}()
 4 SYSTEMPATH\Common.php(1134): CodeIgniter\View\View->render('V_editData', [], true)
 5 APPPATH\Controllers\Data.php(51): view('V_editData', [...])
 6 SYSTEMPATH\CodeIgniter.php(927): App\Controllers\Data->editData('1231434')
 7 SYSTEMPATH\CodeIgniter.php(482): CodeIgniter\CodeIgniter->runController(Object(App\Controllers\Data))
 8 SYSTEMPATH\CodeIgniter.php(351): CodeIgniter\CodeIgniter->handleRequest(null, Object(Config\Cache), false)
 9 FCPATH\index.php(67): CodeIgniter\CodeIgniter->run()
10 SYSTEMPATH\Commands\Server\rewrite.php(46): require_once('FCPATH\\index.php')
