ERROR - 2023-03-14 03:26:19 --> mysqli_sql_exception: Unknown column 'gadfai' in 'where clause' in C:\Users\test\Documents\codeigniter4\system\Database\MySQLi\Connection.php:292
Stack trace:
#0 C:\Users\test\Documents\codeigniter4\system\Database\MySQLi\Connection.php(292): mysqli->query('select * from m...', 0)
#1 C:\Users\test\Documents\codeigniter4\system\Database\BaseConnection.php(666): CodeIgniter\Database\MySQLi\Connection->execute('select * from m...')
#2 C:\Users\test\Documents\codeigniter4\system\Database\BaseConnection.php(593): CodeIgniter\Database\BaseConnection->simpleQuery('select * from m...')
#3 C:\Users\test\Documents\codeigniter4\app\Models\MData.php(21): CodeIgniter\Database\BaseConnection->query('select * from m...')
#4 C:\Users\test\Documents\codeigniter4\app\Controllers\Data.php(44): App\Models\MData->getSelectData('gadfai')
#5 C:\Users\test\Documents\codeigniter4\system\CodeIgniter.php(927): App\Controllers\Data->editData('gadfai')
#6 C:\Users\test\Documents\codeigniter4\system\CodeIgniter.php(482): CodeIgniter\CodeIgniter->runController(Object(App\Controllers\Data))
#7 C:\Users\test\Documents\codeigniter4\system\CodeIgniter.php(351): CodeIgniter\CodeIgniter->handleRequest(NULL, Object(Config\Cache), false)
#8 C:\Users\test\Documents\codeigniter4\public\index.php(67): CodeIgniter\CodeIgniter->run()
#9 C:\Users\test\Documents\codeigniter4\system\Commands\Server\rewrite.php(46): require_once('C:\\Users\\test\\D...')
#10 {main}
CRITICAL - 2023-03-14 03:26:19 --> Unknown column 'gadfai' in 'where clause'
in SYSTEMPATH\Database\MySQLi\Connection.php on line 292.
 1 SYSTEMPATH\Database\MySQLi\Connection.php(292): mysqli->query('select * from mahasiswa where nim = gadfai', 0)
 2 SYSTEMPATH\Database\BaseConnection.php(666): CodeIgniter\Database\MySQLi\Connection->execute('select * from mahasiswa where nim = gadfai')
 3 SYSTEMPATH\Database\BaseConnection.php(593): CodeIgniter\Database\BaseConnection->simpleQuery('select * from mahasiswa where nim = gadfai')
 4 APPPATH\Models\MData.php(21): CodeIgniter\Database\BaseConnection->query('select * from mahasiswa where nim = gadfai')
 5 APPPATH\Controllers\Data.php(44): App\Models\MData->getSelectData('gadfai')
 6 SYSTEMPATH\CodeIgniter.php(927): App\Controllers\Data->editData('gadfai')
 7 SYSTEMPATH\CodeIgniter.php(482): CodeIgniter\CodeIgniter->runController(Object(App\Controllers\Data))
 8 SYSTEMPATH\CodeIgniter.php(351): CodeIgniter\CodeIgniter->handleRequest(null, Object(Config\Cache), false)
 9 FCPATH\index.php(67): CodeIgniter\CodeIgniter->run()
10 SYSTEMPATH\Commands\Server\rewrite.php(46): require_once('FCPATH\\index.php')
ERROR - 2023-03-14 03:37:16 --> mysqli_sql_exception: Unknown column 'hgdafkuyga' in 'where clause' in C:\Users\test\Documents\codeigniter4\system\Database\MySQLi\Connection.php:292
Stack trace:
#0 C:\Users\test\Documents\codeigniter4\system\Database\MySQLi\Connection.php(292): mysqli->query('select * from m...', 0)
#1 C:\Users\test\Documents\codeigniter4\system\Database\BaseConnection.php(666): CodeIgniter\Database\MySQLi\Connection->execute('select * from m...')
#2 C:\Users\test\Documents\codeigniter4\system\Database\BaseConnection.php(593): CodeIgniter\Database\BaseConnection->simpleQuery('select * from m...')
#3 C:\Users\test\Documents\codeigniter4\app\Models\MData.php(21): CodeIgniter\Database\BaseConnection->query('select * from m...')
#4 C:\Users\test\Documents\codeigniter4\app\Controllers\Data.php(44): App\Models\MData->getSelectData('hgdafkuyga')
#5 C:\Users\test\Documents\codeigniter4\system\CodeIgniter.php(927): App\Controllers\Data->editData('hgdafkuyga')
#6 C:\Users\test\Documents\codeigniter4\system\CodeIgniter.php(482): CodeIgniter\CodeIgniter->runController(Object(App\Controllers\Data))
#7 C:\Users\test\Documents\codeigniter4\system\CodeIgniter.php(351): CodeIgniter\CodeIgniter->handleRequest(NULL, Object(Config\Cache), false)
#8 C:\Users\test\Documents\codeigniter4\public\index.php(67): CodeIgniter\CodeIgniter->run()
#9 C:\Users\test\Documents\codeigniter4\system\Commands\Server\rewrite.php(46): require_once('C:\\Users\\test\\D...')
#10 {main}
CRITICAL - 2023-03-14 03:37:16 --> Unknown column 'hgdafkuyga' in 'where clause'
in SYSTEMPATH\Database\MySQLi\Connection.php on line 292.
 1 SYSTEMPATH\Database\MySQLi\Connection.php(292): mysqli->query('select * from mahasiswa where nim = hgdafkuyga', 0)
 2 SYSTEMPATH\Database\BaseConnection.php(666): CodeIgniter\Database\MySQLi\Connection->execute('select * from mahasiswa where nim = hgdafkuyga')
 3 SYSTEMPATH\Database\BaseConnection.php(593): CodeIgniter\Database\BaseConnection->simpleQuery('select * from mahasiswa where nim = hgdafkuyga')
 4 APPPATH\Models\MData.php(21): CodeIgniter\Database\BaseConnection->query('select * from mahasiswa where nim = hgdafkuyga')
 5 APPPATH\Controllers\Data.php(44): App\Models\MData->getSelectData('hgdafkuyga')
 6 SYSTEMPATH\CodeIgniter.php(927): App\Controllers\Data->editData('hgdafkuyga')
 7 SYSTEMPATH\CodeIgniter.php(482): CodeIgniter\CodeIgniter->runController(Object(App\Controllers\Data))
 8 SYSTEMPATH\CodeIgniter.php(351): CodeIgniter\CodeIgniter->handleRequest(null, Object(Config\Cache), false)
 9 FCPATH\index.php(67): CodeIgniter\CodeIgniter->run()
10 SYSTEMPATH\Commands\Server\rewrite.php(46): require_once('FCPATH\\index.php')
ERROR - 2023-03-14 03:37:18 --> mysqli_sql_exception: Unknown column 'hgdafkuyga' in 'where clause' in C:\Users\test\Documents\codeigniter4\system\Database\MySQLi\Connection.php:292
Stack trace:
#0 C:\Users\test\Documents\codeigniter4\system\Database\MySQLi\Connection.php(292): mysqli->query('select * from m...', 0)
#1 C:\Users\test\Documents\codeigniter4\system\Database\BaseConnection.php(666): CodeIgniter\Database\MySQLi\Connection->execute('select * from m...')
#2 C:\Users\test\Documents\codeigniter4\system\Database\BaseConnection.php(593): CodeIgniter\Database\BaseConnection->simpleQuery('select * from m...')
#3 C:\Users\test\Documents\codeigniter4\app\Models\MData.php(21): CodeIgniter\Database\BaseConnection->query('select * from m...')
#4 C:\Users\test\Documents\codeigniter4\app\Controllers\Data.php(44): App\Models\MData->getSelectData('hgdafkuyga')
#5 C:\Users\test\Documents\codeigniter4\system\CodeIgniter.php(927): App\Controllers\Data->editData('hgdafkuyga')
#6 C:\Users\test\Documents\codeigniter4\system\CodeIgniter.php(482): CodeIgniter\CodeIgniter->runController(Object(App\Controllers\Data))
#7 C:\Users\test\Documents\codeigniter4\system\CodeIgniter.php(351): CodeIgniter\CodeIgniter->handleRequest(NULL, Object(Config\Cache), false)
#8 C:\Users\test\Documents\codeigniter4\public\index.php(67): CodeIgniter\CodeIgniter->run()
#9 C:\Users\test\Documents\codeigniter4\system\Commands\Server\rewrite.php(46): require_once('C:\\Users\\test\\D...')
#10 {main}
CRITICAL - 2023-03-14 03:37:18 --> Unknown column 'hgdafkuyga' in 'where clause'
in SYSTEMPATH\Database\MySQLi\Connection.php on line 292.
 1 SYSTEMPATH\Database\MySQLi\Connection.php(292): mysqli->query('select * from mahasiswa where nim = hgdafkuyga', 0)
 2 SYSTEMPATH\Database\BaseConnection.php(666): CodeIgniter\Database\MySQLi\Connection->execute('select * from mahasiswa where nim = hgdafkuyga')
 3 SYSTEMPATH\Database\BaseConnection.php(593): CodeIgniter\Database\BaseConnection->simpleQuery('select * from mahasiswa where nim = hgdafkuyga')
 4 APPPATH\Models\MData.php(21): CodeIgniter\Database\BaseConnection->query('select * from mahasiswa where nim = hgdafkuyga')
 5 APPPATH\Controllers\Data.php(44): App\Models\MData->getSelectData('hgdafkuyga')
 6 SYSTEMPATH\CodeIgniter.php(927): App\Controllers\Data->editData('hgdafkuyga')
 7 SYSTEMPATH\CodeIgniter.php(482): CodeIgniter\CodeIgniter->runController(Object(App\Controllers\Data))
 8 SYSTEMPATH\CodeIgniter.php(351): CodeIgniter\CodeIgniter->handleRequest(null, Object(Config\Cache), false)
 9 FCPATH\index.php(67): CodeIgniter\CodeIgniter->run()
10 SYSTEMPATH\Commands\Server\rewrite.php(46): require_once('FCPATH\\index.php')
